  main.cpp
C:\Users\theos\OneDrive\Desktop\College\4th Year\Graphics\Lab3\Lab 04 - Sample Object Hierarchy(1)\Lab 04 - Sample Object Hierarchy\Lab04\Statue.h(16,1): warning C4005: 'SNOWMAN': macro redefinition
C:\Users\theos\OneDrive\Desktop\College\4th Year\Graphics\Lab3\Lab 04 - Sample Object Hierarchy(1)\Lab 04 - Sample Object Hierarchy\Lab04\Snowman.h(15): message : see previous definition of 'SNOWMAN'
C:\Users\theos\OneDrive\Desktop\College\4th Year\Graphics\Lab3\Lab 04 - Sample Object Hierarchy(1)\Lab 04 - Sample Object Hierarchy\Lab04\Statue.h(17,1): warning C4005: 'HAT': macro redefinition
C:\Users\theos\OneDrive\Desktop\College\4th Year\Graphics\Lab3\Lab 04 - Sample Object Hierarchy(1)\Lab 04 - Sample Object Hierarchy\Lab04\Snowman.h(16): message : see previous definition of 'HAT'
C:\Users\theos\OneDrive\Desktop\College\4th Year\Graphics\Lab3\Lab 04 - Sample Object Hierarchy(1)\Lab 04 - Sample Object Hierarchy\Lab04\Statue.h(61,22): warning C4244: '=': conversion from 'double' to 'T', possible loss of data
          with
          [
              T=float
          ]
C:\Users\theos\OneDrive\Desktop\College\4th Year\Graphics\Lab3\Lab 04 - Sample Object Hierarchy(1)\Lab 04 - Sample Object Hierarchy\Lab04\Statue.h(62,22): warning C4244: '=': conversion from 'double' to 'T', possible loss of data
          with
          [
              T=float
          ]
C:\Users\theos\OneDrive\Desktop\College\4th Year\Graphics\Lab3\Lab 04 - Sample Object Hierarchy(1)\Lab 04 - Sample Object Hierarchy\Lab04\Statue.h(63,22): warning C4244: '=': conversion from 'double' to 'T', possible loss of data
          with
          [
              T=float
          ]
C:\Users\theos\OneDrive\Desktop\College\4th Year\Graphics\Lab3\Lab 04 - Sample Object Hierarchy(1)\Lab 04 - Sample Object Hierarchy\Lab04\main.cpp(94,70): warning C4305: 'argument': truncation from 'double' to 'float'
C:\Users\theos\OneDrive\Desktop\College\4th Year\Graphics\Lab3\Lab 04 - Sample Object Hierarchy(1)\Lab 04 - Sample Object Hierarchy\Lab04\main.cpp(94,55): warning C4244: 'argument': conversion from 'double' to 'float', possible loss of data
C:\Users\theos\OneDrive\Desktop\College\4th Year\Graphics\Lab3\Lab 04 - Sample Object Hierarchy(1)\Lab 04 - Sample Object Hierarchy\Lab04\main.cpp(94,42): warning C4244: 'argument': conversion from 'int' to 'float', possible loss of data
C:\Users\theos\OneDrive\Desktop\College\4th Year\Graphics\Lab3\Lab 04 - Sample Object Hierarchy(1)\Lab 04 - Sample Object Hierarchy\Lab04\main.cpp(97,47): warning C4305: 'argument': truncation from 'double' to 'float'
LINK : warning LNK4098: defaultlib 'MSVCRT' conflicts with use of other libs; use /NODEFAULTLIB:library
  Lab04.vcxproj -> C:\Users\theos\OneDrive\Desktop\College\4th Year\Graphics\Lab3\Lab 04 - Sample Object Hierarchy(1)\Lab 04 - Sample Object Hierarchy\x64\Debug\Lab 04.exe
